python: can't open file 'test.py': [Errno 2] No such file or directory
load uid
load SDate
BExit
Exception in Tkinter callback
Traceback (most recent call last):
  File "/System/Library/Frameworks/Python.framework/Versions/2.7/lib/python2.7/lib-tk/Tkinter.py", line 1536, in __call__
    return self.func(*args)
  File "BundleSelectionPage.py", line 63, in BSet
    db.SQX(sq)
  File "/Users/PJA/Desktop/BERTA/SQClass.py", line 42, in SQX
    self.drec = self.cursor.execute(stmt)
OperationalError: near "into": syntax error
load uid
load SDate
BSet
bna0=(bid1)
BExit
load uid
load SDate
BExit
Exception in Tkinter callback
Traceback (most recent call last):
  File "/System/Library/Frameworks/Python.framework/Versions/2.7/lib/python2.7/lib-tk/Tkinter.py", line 1536, in __call__
    return self.func(*args)
  File "BundleSelectionPage.py", line 63, in BSet
    db.SQX(sq)
  File "/Users/PJA/Desktop/BERTA/SQClass.py", line 42, in SQX
    self.drec = self.cursor.execute(stmt)
OperationalError: near "into": syntax error
load uid
load SDate
BSet
bna0=(bid1)
BExit
load uid
load SDate
BExit
Exception in Tkinter callback
Traceback (most recent call last):
  File "/System/Library/Frameworks/Python.framework/Versions/2.7/lib/python2.7/lib-tk/Tkinter.py", line 1536, in __call__
    return self.func(*args)
  File "BundleSelectionPage.py", line 63, in BSet
    db.SQX(sq)
  File "/Users/PJA/Desktop/BERTA/SQClass.py", line 42, in SQX
    self.drec = self.cursor.execute(stmt)
OperationalError: near "into": syntax error
load uid
load SDate
BSet
bna0=(bid1)
BExit
Exception in Tkinter callback
Traceback (most recent call last):
  File "/System/Library/Frameworks/Python.framework/Versions/2.7/lib/python2.7/lib-tk/Tkinter.py", line 1536, in __call__
    return self.func(*args)
  File "BundleSelectionPage.py", line 63, in BSet
    db.SQX(sq)
  File "/Users/PJA/Desktop/BERTA/SQClass.py", line 42, in SQX
    self.drec = self.cursor.execute(stmt)
OperationalError: near "into": syntax error
load uid
load SDate
BSet
bna0=(bid1)
BExit
Exception in Tkinter callback
Traceback (most recent call last):
  File "/System/Library/Frameworks/Python.framework/Versions/2.7/lib/python2.7/lib-tk/Tkinter.py", line 1536, in __call__
    return self.func(*args)
  File "BundleSelectionPage.py", line 63, in BSet
    db.SQX(sq)
  File "/Users/PJA/Desktop/BERTA/SQClass.py", line 42, in SQX
    self.drec = self.cursor.execute(stmt)
OperationalError: near "into": syntax error
load uid
load SDate
BSet
bna0=(bid1)
load uid
load SDate
load uid
load SDate
BSet
bna0=(bid1)
sq=insert into sticky values( 'PJA' , 'BID' , 'bid1' );
sq=update sticky set user= 'PJA' ,na ='BID' , vval='bid1' where user='PJA' and na = 'BID' ;
BExit
load uid
load SDate
BSet
bna0=(bid1)
sq=insert into sticky values( 'PJA' , 'BID' , 'bid1' );
sq=update sticky set user= 'PJA' ,na ='BID' , vval='bid1' where user='PJA' and na = 'BID' ;
BExit
load uid
load SDate
BSet
bna=((none))
sq=insert into sticky values( 'PJA' , 'BID' , '' );
sq=update sticky set user= 'PJA' , na = 'BID' , vval='' where user='PJA' and na = 'BID' ;
BExit
load uid
load SDate
BExit
load uid
load SDate
BSet
bna0=(bid1)
sq=insert into sticky values( 'PJA' , 'BID' , 'bid1' );
sq=update sticky set user= 'PJA' ,na ='BID' , vval='bid1' where user='PJA' and na = 'BID' ;
BSet
bna0=(bid1)
sq=insert into sticky values( 'PJA' , 'BID' , 'bid1' );
sq=update sticky set user= 'PJA' ,na ='BID' , vval='bid1' where user='PJA' and na = 'BID' ;
BExit
load uid
load SDate
BSet
bna0=(bid1)
sq=insert into sticky values( 'PJA' , 'BID' , 'bid1' );
sq=update sticky set user= 'PJA' ,na ='BID' , vval='bid1' where user='PJA' and na = 'BID' ;
BExit
load uid
load SDate
BSet
bna=((none))
sq=insert into sticky values( 'PJA' , 'BID' , '' );
sq=update sticky set user= 'PJA' , na = 'BID' , vval='' where user='PJA' and na = 'BID' ;
BSet
bna0=(bid1)
sq=insert into sticky values( 'PJA' , 'BID' , 'bid1' );
sq=update sticky set user= 'PJA' ,na ='BID' , vval='bid1' where user='PJA' and na = 'BID' ;
load uid
load SDate
BSet
bna=((none))
sq=insert into sticky values( 'PJA' , 'BID' , '' );
sq=update sticky set user= 'PJA' , na = 'BID' , vval='' where user='PJA' and na = 'BID' ;
BSet
bna0=(bid1)
sq=insert into sticky values( 'PJA' , 'BID' , 'bid1' );
sq=update sticky set user= 'PJA' ,na ='BID' , vval='bid1' where user='PJA' and na = 'BID' ;
BExit
load uid
load SDate
BExit
load uid
load SDate
abmax=2
BSet
bna0=(bid1)
sq=insert into sticky values( 'PJA' , 'BID' , 'bid1' );
sq=update sticky set user= 'PJA' ,na ='BID' , vval='bid1' where user='PJA' and na = 'BID' ;
BExit
load uid
load SDate
abmax=2
BSet
bna0=(bid1)
sq=insert into sticky values( 'PJA' , 'BID' , 'bid1' );
sq=update sticky set user= 'PJA' ,na ='BID' , vval='bid1' where user='PJA' and na = 'BID' ;
BExit
load uid
load SDate
abmax=2
BSet
bna0=(bid1)
sq=insert into sticky values( 'PJA' , 'BID' , 'bid1' );
sq=update sticky set user= 'PJA' ,na ='BID' , vval='bid1' where user='PJA' and na = 'BID' ;
load uid
load SDate
abmax=2
BSet
bna0=(bid1)
sq=insert into sticky values( 'PJA' , 'BID' , 'bid1' );
sq=update sticky set user= 'PJA' ,na ='BID' , vval='bid1' where user='PJA' and na = 'BID' ;
BExit
load uid
load SDate
abmax=2
BSet
bna0=(IntakeStation)
sq=insert into sticky values( 'PJA' , 'BID' , 'IntakeStation' );
sq=update sticky set user= 'PJA' ,na ='BID' , vval='IntakeStation' where user='PJA' and na = 'BID' ;
